# JRE version: OpenJDK Runtime Environment Temurin-21.0.12.1+1 (21.0.12.1+1) (build 21.0.12.1+1-LTS)
# Java VM: OpenJDK 64-Bit Server VM Temurin-21.0.12.1+1 (21.0.12.1+1-LTS, mixed mode, sharing, tiered, compressed oops, compressed class ptrs, parallel gc, windows-amd64)
GC Precious Log:
 CardTable entry size: 512
 CPUs: 20 total, 20 available
 Memory: 16053M
 Large Page Support: Disabled
 NUMA Support: Disabled
 Compressed Oops: Enabled (32-bit)
 Alignments: Space 512K, Generation 512K, Heap 2M
 Heap Min Capacity: 100M
 Heap Initial Capacity: 100M
 Heap Max Capacity: 2G
 Pre-touch: Disabled
 Parallel Workers: 15
Heap:
 PSYoungGen      total 9216K, used 8807K [0x00000000d5580000, 0x00000000d6280000, 0x0000000100000000)
  eden space 6656K, 100% used [0x00000000d5580000,0x00000000d5c00000,0x00000000d5c00000)
  from space 2560K, 84% used [0x00000000d5c00000,0x00000000d5e19e48,0x00000000d5e80000)
  to   space 2560K, 99% used [0x00000000d6000000,0x00000000d627fea0,0x00000000d6280000)
 ParOldGen       total 1259008K, used 1259004K [0x0000000080000000, 0x00000000ccd80000, 0x00000000d5580000)
  object space 1259008K, 99% used [0x0000000080000000,0x00000000ccd7f158,0x00000000ccd80000)
 Metaspace       used 93494K, committed 95552K, reserved 1179648K
  class space    used 9550K, committed 10496K, reserved 1048576K
GC Heap History (20 events):
Event: 1474.782 GC heap after
{Heap after GC invocations=2004 (full 6):
 PSYoungGen      total 5120K, used 2272K [0x00000000d5580000, 0x00000000d5d00000, 0x0000000100000000)
  eden space 2560K, 0% used [0x00000000d5580000,0x00000000d5580000,0x00000000d5800000)
  from space 2560K, 88% used [0x00000000d5a80000,0x00000000d5cb8000,0x00000000d5d00000)
  to   space 2560K, 0% used [0x00000000d5800000,0x00000000d5800000,0x00000000d5a80000)
 ParOldGen       total 1238016K, used 1237903K [0x0000000080000000, 0x00000000cb900000, 0x00000000d5580000)
  object space 1238016K, 99% used [0x0000000080000000,0x00000000cb8e3e30,0x00000000cb900000)
 Metaspace       used 93407K, committed 95424K, reserved 1179648K
  class space    used 9539K, committed 10432K, reserved 1048576K
}
Event: 1474.787 GC heap before
{Heap before GC invocations=2005 (full 6):
 PSYoungGen      total 5120K, used 4832K [0x00000000d5580000, 0x00000000d5d00000, 0x0000000100000000)
  eden space 2560K, 100% used [0x00000000d5580000,0x00000000d5800000,0x00000000d5800000)
  from space 2560K, 88% used [0x00000000d5a80000,0x00000000d5cb8000,0x00000000d5d00000)
  to   space 2560K, 0% used [0x00000000d5800000,0x00000000d5800000,0x00000000d5a80000)
 ParOldGen       total 1238016K, used 1237903K [0x0000000080000000, 0x00000000cb900000, 0x00000000d5580000)
  object space 1238016K, 99% used [0x0000000080000000,0x00000000cb8e3e30,0x00000000cb900000)
 Metaspace       used 93407K, committed 95424K, reserved 1179648K
  class space    used 9539K, committed 10432K, reserved 1048576K
}
Event: 1474.790 GC heap after
{Heap after GC invocations=2005 (full 6):
 PSYoungGen      total 5120K, used 2144K [0x00000000d5580000, 0x00000000d5d80000, 0x0000000100000000)
  eden space 2560K, 0% used [0x00000000d5580000,0x00000000d5580000,0x00000000d5800000)
  from space 2560K, 83% used [0x00000000d5800000,0x00000000d5a18000,0x00000000d5a80000)
  to   space 2560K, 0% used [0x00000000d5b00000,0x00000000d5b00000,0x00000000d5d80000)
 ParOldGen       total 1240064K, used 1239991K [0x0000000080000000, 0x00000000cbb00000, 0x00000000d5580000)
  object space 1240064K, 99% used [0x0000000080000000,0x00000000cbaede30,0x00000000cbb00000)
 Metaspace       used 93407K, committed 95424K, reserved 1179648K
  class space    used 9539K, committed 10432K, reserved 1048576K
}
Event: 1474.796 GC heap before
{Heap before GC invocations=2006 (full 6):
 PSYoungGen      total 5120K, used 4703K [0x00000000d5580000, 0x00000000d5d80000, 0x0000000100000000)
  eden space 2560K, 99% used [0x00000000d5580000,0x00000000d57fffe0,0x00000000d5800000)
  from space 2560K, 83% used [0x00000000d5800000,0x00000000d5a18000,0x00000000d5a80000)
  to   space 2560K, 0% used [0x00000000d5b00000,0x00000000d5b00000,0x00000000d5d80000)
 ParOldGen       total 1240064K, used 1239991K [0x0000000080000000, 0x00000000cbb00000, 0x00000000d5580000)
  object space 1240064K, 99% used [0x0000000080000000,0x00000000cbaede30,0x00000000cbb00000)
 Metaspace       used 93407K, committed 95424K, reserved 1179648K
  class space    used 9539K, committed 10432K, reserved 1048576K
}
Event: 1474.799 GC heap after
{Heap after GC invocations=2006 (full 6):
 PSYoungGen      total 5632K, used 2068K [0x00000000d5580000, 0x00000000d5d80000, 0x0000000100000000)
  eden space 3072K, 0% used [0x00000000d5580000,0x00000000d5580000,0x00000000d5880000)
  from space 2560K, 80% used [0x00000000d5b00000,0x00000000d5d05200,0x00000000d5d80000)
  to   space 2560K, 0% used [0x00000000d5880000,0x00000000d5880000,0x00000000d5b00000)
 ParOldGen       total 1242112K, used 1241935K [0x0000000080000000, 0x00000000cbd00000, 0x00000000d5580000)
  object space 1242112K, 99% used [0x0000000080000000,0x00000000cbcd3e30,0x00000000cbd00000)
 Metaspace       used 93407K, committed 95424K, reserved 1179648K
  class space    used 9539K, committed 10432K, reserved 1048576K
}
Event: 1474.807 GC heap before
{Heap before GC invocations=2007 (full 6):
 PSYoungGen      total 5632K, used 5140K [0x00000000d5580000, 0x00000000d5d80000, 0x0000000100000000)
  eden space 3072K, 100% used [0x00000000d5580000,0x00000000d5880000,0x00000000d5880000)
  from space 2560K, 80% used [0x00000000d5b00000,0x00000000d5d05200,0x00000000d5d80000)
  to   space 2560K, 0% used [0x00000000d5880000,0x00000000d5880000,0x00000000d5b00000)
 ParOldGen       total 1242112K, used 1241935K [0x0000000080000000, 0x00000000cbd00000, 0x00000000d5580000)
  object space 1242112K, 99% used [0x0000000080000000,0x00000000cbcd3e30,0x00000000cbd00000)
 Metaspace       used 93414K, committed 95424K, reserved 1179648K
  class space    used 9541K, committed 10432K, reserved 1048576K
}
Event: 1474.811 GC heap after
{Heap after GC invocations=2007 (full 6):
 PSYoungGen      total 5632K, used 1378K [0x00000000d5580000, 0x00000000d5d80000, 0x0000000100000000)
  eden space 3072K, 0% used [0x00000000d5580000,0x00000000d5580000,0x00000000d5880000)
  from space 2560K, 53% used [0x00000000d5880000,0x00000000d59d8a38,0x00000000d5b00000)
  to   space 2048K, 0% used [0x00000000d5b80000,0x00000000d5b80000,0x00000000d5d80000)
 ParOldGen       total 1245184K, used 1245180K [0x0000000080000000, 0x00000000cc000000, 0x00000000d5580000)
  object space 1245184K, 99% used [0x0000000080000000,0x00000000cbfff040,0x00000000cc000000)
 Metaspace       used 93414K, committed 95424K, reserved 1179648K
  class space    used 9541K, committed 10432K, reserved 1048576K
}
Event: 1474.821 GC heap before
{Heap before GC invocations=2008 (full 6):
 PSYoungGen      total 5632K, used 4450K [0x00000000d5580000, 0x00000000d5d80000, 0x0000000100000000)
  eden space 3072K, 100% used [0x00000000d5580000,0x00000000d5880000,0x00000000d5880000)
  from space 2560K, 53% used [0x00000000d5880000,0x00000000d59d8a38,0x00000000d5b00000)
  to   space 2048K, 0% used [0x00000000d5b80000,0x00000000d5b80000,0x00000000d5d80000)
 ParOldGen       total 1245184K, used 1245180K [0x0000000080000000, 0x00000000cc000000, 0x00000000d5580000)
  object space 1245184K, 99% used [0x0000000080000000,0x00000000cbfff040,0x00000000cc000000)
 Metaspace       used 93471K, committed 95488K, reserved 1179648K
  class space    used 9545K, committed 10432K, reserved 1048576K
}
Event: 1474.823 GC heap after
{Heap after GC invocations=2008 (full 6):
 PSYoungGen      total 5120K, used 906K [0x00000000d5580000, 0x00000000d5c80000, 0x0000000100000000)
  eden space 4096K, 0% used [0x00000000d5580000,0x00000000d5580000,0x00000000d5980000)
  from space 1024K, 88% used [0x00000000d5b80000,0x00000000d5c62910,0x00000000d5c80000)
  to   space 1536K, 0% used [0x00000000d5980000,0x00000000d5980000,0x00000000d5b00000)
 ParOldGen       total 1246720K, used 1246441K [0x0000000080000000, 0x00000000cc180000, 0x00000000d5580000)
  object space 1246720K, 99% used [0x0000000080000000,0x00000000cc13a4f0,0x00000000cc180000)
 Metaspace       used 93471K, committed 95488K, reserved 1179648K
  class space    used 9545K, committed 10432K, reserved 1048576K
}
Event: 1474.830 GC heap before
{Heap before GC invocations=2009 (full 6):
 PSYoungGen      total 5120K, used 5002K [0x00000000d5580000, 0x00000000d5c80000, 0x0000000100000000)
  eden space 4096K, 100% used [0x00000000d5580000,0x00000000d5980000,0x00000000d5980000)
  from space 1024K, 88% used [0x00000000d5b80000,0x00000000d5c62910,0x00000000d5c80000)
  to   space 1536K, 0% used [0x00000000d5980000,0x00000000d5980000,0x00000000d5b00000)
 ParOldGen       total 1246720K, used 1246441K [0x0000000080000000, 0x00000000cc180000, 0x00000000d5580000)
  object space 1246720K, 99% used [0x0000000080000000,0x00000000cc13a4f0,0x00000000cc180000)
 Metaspace       used 93490K, committed 95552K, reserved 1179648K
  class space    used 9549K, committed 10496K, reserved 1048576K
}
Event: 1474.833 GC heap after
{Heap after GC invocations=2009 (full 6):
 PSYoungGen      total 5632K, used 1509K [0x00000000d5580000, 0x00000000d6480000, 0x0000000100000000)
  eden space 4096K, 0% used [0x00000000d5580000,0x00000000d5580000,0x00000000d5980000)
  from space 1536K, 98% used [0x00000000d5980000,0x00000000d5af9640,0x00000000d5b00000)
  to   space 5120K, 0% used [0x00000000d5f80000,0x00000000d5f80000,0x00000000d6480000)
 ParOldGen       total 1249280K, used 1249030K [0x0000000080000000, 0x00000000cc400000, 0x00000000d5580000)
  object space 1249280K, 99% used [0x0000000080000000,0x00000000cc3c1918,0x00000000cc400000)
 Metaspace       used 93490K, committed 95552K, reserved 1179648K
  class space    used 9549K, committed 10496K, reserved 1048576K
}
Event: 1474.839 GC heap before
{Heap before GC invocations=2010 (full 6):
 PSYoungGen      total 5632K, used 5605K [0x00000000d5580000, 0x00000000d6480000, 0x0000000100000000)
  eden space 4096K, 100% used [0x00000000d5580000,0x00000000d5980000,0x00000000d5980000)
  from space 1536K, 98% used [0x00000000d5980000,0x00000000d5af9640,0x00000000d5b00000)
  to   space 5120K, 0% used [0x00000000d5f80000,0x00000000d5f80000,0x00000000d6480000)
 ParOldGen       total 1249280K, used 1249030K [0x0000000080000000, 0x00000000cc400000, 0x00000000d5580000)
  object space 1249280K, 99% used [0x0000000080000000,0x00000000cc3c1918,0x00000000cc400000)
 Metaspace       used 93492K, committed 95552K, reserved 1179648K
  class space    used 9550K, committed 10496K, reserved 1048576K
}
Event: 1475.842 GC heap after
{Heap after GC invocations=2010 (full 6):
 PSYoungGen      total 9216K, used 3828K [0x00000000d5580000, 0x00000000d6380000, 0x0000000100000000)
  eden space 5120K, 0% used [0x00000000d5580000,0x00000000d5580000,0x00000000d5a80000)
  from space 4096K, 93% used [0x00000000d5f80000,0x00000000d633d000,0x00000000d6380000)
  to   space 4096K, 0% used [0x00000000d5b80000,0x00000000d5b80000,0x00000000d5f80000)
 ParOldGen       total 1251328K, used 1251193K [0x0000000080000000, 0x00000000cc600000, 0x00000000d5580000)
  object space 1251328K, 99% used [0x0000000080000000,0x00000000cc5de598,0x00000000cc600000)
 Metaspace       used 93492K, committed 95552K, reserved 1179648K
  class space    used 9550K, committed 10496K, reserved 1048576K
}
Event: 1475.846 GC heap before
{Heap before GC invocations=2011 (full 6):
 PSYoungGen      total 9216K, used 8948K [0x00000000d5580000, 0x00000000d6380000, 0x0000000100000000)
  eden space 5120K, 100% used [0x00000000d5580000,0x00000000d5a80000,0x00000000d5a80000)
  from space 4096K, 93% used [0x00000000d5f80000,0x00000000d633d000,0x00000000d6380000)
  to   space 4096K, 0% used [0x00000000d5b80000,0x00000000d5b80000,0x00000000d5f80000)
 ParOldGen       total 1251328K, used 1251193K [0x0000000080000000, 0x00000000cc600000, 0x00000000d5580000)
  object space 1251328K, 99% used [0x0000000080000000,0x00000000cc5de598,0x00000000cc600000)
 Metaspace       used 93492K, committed 95552K, reserved 1179648K
  class space    used 9550K, committed 10496K, reserved 1048576K
}
Event: 1475.850 GC heap after
{Heap after GC invocations=2011 (full 6):
 PSYoungGen      total 8704K, used 2526K [0x00000000d5580000, 0x00000000d6180000, 0x0000000100000000)
  eden space 6144K, 0% used [0x00000000d5580000,0x00000000d5580000,0x00000000d5b80000)
  from space 2560K, 98% used [0x00000000d5b80000,0x00000000d5df7b20,0x00000000d5e00000)
  to   space 3072K, 0% used [0x00000000d5e80000,0x00000000d5e80000,0x00000000d6180000)
 ParOldGen       total 1254912K, used 1254697K [0x0000000080000000, 0x00000000cc980000, 0x00000000d5580000)
  object space 1254912K, 99% used [0x0000000080000000,0x00000000cc94a598,0x00000000cc980000)
 Metaspace       used 93492K, committed 95552K, reserved 1179648K
  class space    used 9550K, committed 10496K, reserved 1048576K
}
Event: 1475.863 GC heap before
{Heap before GC invocations=2012 (full 6):
 PSYoungGen      total 8704K, used 8670K [0x00000000d5580000, 0x00000000d6180000, 0x0000000100000000)
  eden space 6144K, 100% used [0x00000000d5580000,0x00000000d5b80000,0x00000000d5b80000)
  from space 2560K, 98% used [0x00000000d5b80000,0x00000000d5df7b20,0x00000000d5e00000)
  to   space 3072K, 0% used [0x00000000d5e80000,0x00000000d5e80000,0x00000000d6180000)
 ParOldGen       total 1254912K, used 1254697K [0x0000000080000000, 0x00000000cc980000, 0x00000000d5580000)
  object space 1254912K, 99% used [0x0000000080000000,0x00000000cc94a598,0x00000000cc980000)
 Metaspace       used 93492K, committed 95552K, reserved 1179648K
  class space    used 9550K, committed 10496K, reserved 1048576K
}
Event: 1475.870 GC heap after
{Heap after GC invocations=2012 (full 6):
 PSYoungGen      total 9728K, used 1762K [0x00000000d5580000, 0x00000000d6200000, 0x0000000100000000)
  eden space 6656K, 0% used [0x00000000d5580000,0x00000000d5580000,0x00000000d5c00000)
  from space 3072K, 57% used [0x00000000d5e80000,0x00000000d6038818,0x00000000d6180000)
  to   space 2560K, 0% used [0x00000000d5c00000,0x00000000d5c00000,0x00000000d5e80000)
 ParOldGen       total 1256960K, used 1256653K [0x0000000080000000, 0x00000000ccb80000, 0x00000000d5580000)
  object space 1256960K, 99% used [0x0000000080000000,0x00000000ccb337b8,0x00000000ccb80000)
 Metaspace       used 93492K, committed 95552K, reserved 1179648K
  class space    used 9550K, committed 10496K, reserved 1048576K
}
Event: 1475.903 GC heap before
{Heap before GC invocations=2013 (full 6):
 PSYoungGen      total 9728K, used 8418K [0x00000000d5580000, 0x00000000d6200000, 0x0000000100000000)
  eden space 6656K, 100% used [0x00000000d5580000,0x00000000d5c00000,0x00000000d5c00000)
  from space 3072K, 57% used [0x00000000d5e80000,0x00000000d6038818,0x00000000d6180000)
  to   space 2560K, 0% used [0x00000000d5c00000,0x00000000d5c00000,0x00000000d5e80000)
 ParOldGen       total 1256960K, used 1256653K [0x0000000080000000, 0x00000000ccb80000, 0x00000000d5580000)
  object space 1256960K, 99% used [0x0000000080000000,0x00000000ccb337b8,0x00000000ccb80000)
 Metaspace       used 93494K, committed 95552K, reserved 1179648K
  class space    used 9550K, committed 10496K, reserved 1048576K
}
Event: 1475.905 GC heap after
{Heap after GC invocations=2013 (full 6):
 PSYoungGen      total 9216K, used 2151K [0x00000000d5580000, 0x00000000d6280000, 0x0000000100000000)
  eden space 6656K, 0% used [0x00000000d5580000,0x00000000d5580000,0x00000000d5c00000)
  from space 2560K, 84% used [0x00000000d5c00000,0x00000000d5e19e48,0x00000000d5e80000)
  to   space 2560K, 0% used [0x00000000d6000000,0x00000000d6000000,0x00000000d6280000)
 ParOldGen       total 1257984K, used 1257692K [0x0000000080000000, 0x00000000ccc80000, 0x00000000d5580000)
  object space 1257984K, 99% used [0x0000000080000000,0x00000000ccc37198,0x00000000ccc80000)
 Metaspace       used 93494K, committed 95552K, reserved 1179648K
  class space    used 9550K, committed 10496K, reserved 1048576K
}
Event: 1476.940 GC heap before
{Heap before GC invocations=2014 (full 6):
 PSYoungGen      total 9216K, used 8807K [0x00000000d5580000, 0x00000000d6280000, 0x0000000100000000)
  eden space 6656K, 100% used [0x00000000d5580000,0x00000000d5c00000,0x00000000d5c00000)
  from space 2560K, 84% used [0x00000000d5c00000,0x00000000d5e19e48,0x00000000d5e80000)
  to   space 2560K, 0% used [0x00000000d6000000,0x00000000d6000000,0x00000000d6280000)
 ParOldGen       total 1258496K, used 1257994K [0x0000000080000000, 0x00000000ccd00000, 0x00000000d5580000)
  object space 1258496K, 99% used [0x0000000080000000,0x00000000ccc82828,0x00000000ccd00000)
 Metaspace       used 93494K, committed 95552K, reserved 1179648K
  class space    used 9550K, committed 10496K, reserved 1048576K
}

