# JRE version: OpenJDK Runtime Environment Temurin-21.0.12.1+1 (21.0.12.1+1) (build 21.0.12.1+1-LTS)
# Java VM: OpenJDK 64-Bit Server VM Temurin-21.0.12.1+1 (21.0.12.1+1-LTS, mixed mode, sharing, tiered, compressed oops, compressed class ptrs, parallel gc, windows-amd64)
GC Precious Log:
 CardTable entry size: 512
 CPUs: 20 total, 20 available
 Memory: 16053M
 Large Page Support: Disabled
 NUMA Support: Disabled
 Compressed Oops: Enabled (32-bit)
 Alignments: Space 512K, Generation 512K, Heap 2M
 Heap Min Capacity: 100M
 Heap Initial Capacity: 100M
 Heap Max Capacity: 2G
 Pre-touch: Disabled
 Parallel Workers: 15
Heap:
 PSYoungGen      total 20480K, used 980K [0x00000000d5580000, 0x00000000d6b00000, 0x0000000100000000)
  eden space 18944K, 1% used [0x00000000d5580000,0x00000000d55d5098,0x00000000d6800000)
  from space 1536K, 41% used [0x00000000d6880000,0x00000000d6920000,0x00000000d6a00000)
  to   space 1024K, 0% used [0x00000000d6a00000,0x00000000d6a00000,0x00000000d6b00000)
 ParOldGen       total 68608K, used 51500K [0x0000000080000000, 0x0000000084300000, 0x00000000d5580000)
  object space 68608K, 75% used [0x0000000080000000,0x000000008324b160,0x0000000084300000)
 Metaspace       used 55838K, committed 57280K, reserved 1114112K
  class space    used 6014K, committed 6656K, reserved 1048576K
GC Heap History (20 events):
Event: 6.729 GC heap before
{Heap before GC invocations=25 (full 2):
 PSYoungGen      total 20480K, used 20452K [0x00000000d5580000, 0x00000000d6e00000, 0x0000000100000000)
  eden space 18944K, 100% used [0x00000000d5580000,0x00000000d6800000,0x00000000d6800000)
  from space 1536K, 98% used [0x00000000d6b00000,0x00000000d6c79050,0x00000000d6c80000)
  to   space 3072K, 0% used [0x00000000d6800000,0x00000000d6800000,0x00000000d6b00000)
 ParOldGen       total 68608K, used 35180K [0x0000000080000000, 0x0000000084300000, 0x00000000d5580000)
  object space 68608K, 51% used [0x0000000080000000,0x000000008225b160,0x0000000084300000)
 Metaspace       used 49498K, committed 50880K, reserved 1114112K
  class space    used 5365K, committed 6016K, reserved 1048576K
}
Event: 6.731 GC heap after
{Heap after GC invocations=25 (full 2):
 PSYoungGen      total 21504K, used 2449K [0x00000000d5580000, 0x00000000d6d00000, 0x0000000100000000)
  eden space 18944K, 0% used [0x00000000d5580000,0x00000000d5580000,0x00000000d6800000)
  from space 2560K, 95% used [0x00000000d6800000,0x00000000d6a64410,0x00000000d6a80000)
  to   space 2560K, 0% used [0x00000000d6a80000,0x00000000d6a80000,0x00000000d6d00000)
 ParOldGen       total 68608K, used 36632K [0x0000000080000000, 0x0000000084300000, 0x00000000d5580000)
  object space 68608K, 53% used [0x0000000080000000,0x00000000823c62a0,0x0000000084300000)
 Metaspace       used 49498K, committed 50880K, reserved 1114112K
  class space    used 5365K, committed 6016K, reserved 1048576K
}
Event: 6.804 GC heap before
{Heap before GC invocations=26 (full 2):
 PSYoungGen      total 21504K, used 21393K [0x00000000d5580000, 0x00000000d6d00000, 0x0000000100000000)
  eden space 18944K, 100% used [0x00000000d5580000,0x00000000d6800000,0x00000000d6800000)
  from space 2560K, 95% used [0x00000000d6800000,0x00000000d6a64410,0x00000000d6a80000)
  to   space 2560K, 0% used [0x00000000d6a80000,0x00000000d6a80000,0x00000000d6d00000)
 ParOldGen       total 68608K, used 36632K [0x0000000080000000, 0x0000000084300000, 0x00000000d5580000)
  object space 68608K, 53% used [0x0000000080000000,0x00000000823c62a0,0x0000000084300000)
 Metaspace       used 49832K, committed 51200K, reserved 1114112K
  class space    used 5417K, committed 6016K, reserved 1048576K
}
Event: 6.806 GC heap after
{Heap after GC invocations=26 (full 2):
 PSYoungGen      total 21504K, used 2304K [0x00000000d5580000, 0x00000000d6d00000, 0x0000000100000000)
  eden space 18944K, 0% used [0x00000000d5580000,0x00000000d5580000,0x00000000d6800000)
  from space 2560K, 90% used [0x00000000d6a80000,0x00000000d6cc0040,0x00000000d6d00000)
  to   space 2560K, 0% used [0x00000000d6800000,0x00000000d6800000,0x00000000d6a80000)
 ParOldGen       total 68608K, used 38841K [0x0000000080000000, 0x0000000084300000, 0x00000000d5580000)
  object space 68608K, 56% used [0x0000000080000000,0x00000000825ee6a0,0x0000000084300000)
 Metaspace       used 49832K, committed 51200K, reserved 1114112K
  class space    used 5417K, committed 6016K, reserved 1048576K
}
Event: 6.839 GC heap before
{Heap before GC invocations=27 (full 2):
 PSYoungGen      total 21504K, used 21248K [0x00000000d5580000, 0x00000000d6d00000, 0x0000000100000000)
  eden space 18944K, 100% used [0x00000000d5580000,0x00000000d6800000,0x00000000d6800000)
  from space 2560K, 90% used [0x00000000d6a80000,0x00000000d6cc0040,0x00000000d6d00000)
  to   space 2560K, 0% used [0x00000000d6800000,0x00000000d6800000,0x00000000d6a80000)
 ParOldGen       total 68608K, used 38841K [0x0000000080000000, 0x0000000084300000, 0x00000000d5580000)
  object space 68608K, 56% used [0x0000000080000000,0x00000000825ee6a0,0x0000000084300000)
 Metaspace       used 49850K, committed 51200K, reserved 1114112K
  class space    used 5417K, committed 6016K, reserved 1048576K
}
Event: 6.841 GC heap after
{Heap after GC invocations=27 (full 2):
 PSYoungGen      total 21504K, used 2402K [0x00000000d5580000, 0x00000000d6d00000, 0x0000000100000000)
  eden space 18944K, 0% used [0x00000000d5580000,0x00000000d5580000,0x00000000d6800000)
  from space 2560K, 93% used [0x00000000d6800000,0x00000000d6a58800,0x00000000d6a80000)
  to   space 2560K, 0% used [0x00000000d6a80000,0x00000000d6a80000,0x00000000d6d00000)
 ParOldGen       total 68608K, used 40872K [0x0000000080000000, 0x0000000084300000, 0x00000000d5580000)
  object space 68608K, 59% used [0x0000000080000000,0x00000000827ea080,0x0000000084300000)
 Metaspace       used 49850K, committed 51200K, reserved 1114112K
  class space    used 5417K, committed 6016K, reserved 1048576K
}
Event: 6.869 GC heap before
{Heap before GC invocations=28 (full 2):
 PSYoungGen      total 21504K, used 21346K [0x00000000d5580000, 0x00000000d6d00000, 0x0000000100000000)
  eden space 18944K, 100% used [0x00000000d5580000,0x00000000d6800000,0x00000000d6800000)
  from space 2560K, 93% used [0x00000000d6800000,0x00000000d6a58800,0x00000000d6a80000)
  to   space 2560K, 0% used [0x00000000d6a80000,0x00000000d6a80000,0x00000000d6d00000)
 ParOldGen       total 68608K, used 40872K [0x0000000080000000, 0x0000000084300000, 0x00000000d5580000)
  object space 68608K, 59% used [0x0000000080000000,0x00000000827ea080,0x0000000084300000)
 Metaspace       used 49858K, committed 51264K, reserved 1114112K
  class space    used 5417K, committed 6080K, reserved 1048576K
}
Event: 6.871 GC heap after
{Heap after GC invocations=28 (full 2):
 PSYoungGen      total 21504K, used 2340K [0x00000000d5580000, 0x00000000d6d00000, 0x0000000100000000)
  eden space 18944K, 0% used [0x00000000d5580000,0x00000000d5580000,0x00000000d6800000)
  from space 2560K, 91% used [0x00000000d6a80000,0x00000000d6cc9000,0x00000000d6d00000)
  to   space 2560K, 0% used [0x00000000d6800000,0x00000000d6800000,0x00000000d6a80000)
 ParOldGen       total 68608K, used 42812K [0x0000000080000000, 0x0000000084300000, 0x00000000d5580000)
  object space 68608K, 62% used [0x0000000080000000,0x00000000829cf3e0,0x0000000084300000)
 Metaspace       used 49858K, committed 51264K, reserved 1114112K
  class space    used 5417K, committed 6080K, reserved 1048576K
}
Event: 6.904 GC heap before
{Heap before GC invocations=29 (full 2):
 PSYoungGen      total 21504K, used 21284K [0x00000000d5580000, 0x00000000d6d00000, 0x0000000100000000)
  eden space 18944K, 100% used [0x00000000d5580000,0x00000000d6800000,0x00000000d6800000)
  from space 2560K, 91% used [0x00000000d6a80000,0x00000000d6cc9000,0x00000000d6d00000)
  to   space 2560K, 0% used [0x00000000d6800000,0x00000000d6800000,0x00000000d6a80000)
 ParOldGen       total 68608K, used 42812K [0x0000000080000000, 0x0000000084300000, 0x00000000d5580000)
  object space 68608K, 62% used [0x0000000080000000,0x00000000829cf3e0,0x0000000084300000)
 Metaspace       used 49906K, committed 51264K, reserved 1114112K
  class space    used 5418K, committed 6080K, reserved 1048576K
}
Event: 6.906 GC heap after
{Heap after GC invocations=29 (full 2):
 PSYoungGen      total 21504K, used 2272K [0x00000000d5580000, 0x00000000d6d00000, 0x0000000100000000)
  eden space 18944K, 0% used [0x00000000d5580000,0x00000000d5580000,0x00000000d6800000)
  from space 2560K, 88% used [0x00000000d6800000,0x00000000d6a38010,0x00000000d6a80000)
  to   space 2560K, 0% used [0x00000000d6a80000,0x00000000d6a80000,0x00000000d6d00000)
 ParOldGen       total 68608K, used 44983K [0x0000000080000000, 0x0000000084300000, 0x00000000d5580000)
  object space 68608K, 65% used [0x0000000080000000,0x0000000082bedf30,0x0000000084300000)
 Metaspace       used 49906K, committed 51264K, reserved 1114112K
  class space    used 5418K, committed 6080K, reserved 1048576K
}
Event: 6.937 GC heap before
{Heap before GC invocations=30 (full 2):
 PSYoungGen      total 21504K, used 21216K [0x00000000d5580000, 0x00000000d6d00000, 0x0000000100000000)
  eden space 18944K, 100% used [0x00000000d5580000,0x00000000d6800000,0x00000000d6800000)
  from space 2560K, 88% used [0x00000000d6800000,0x00000000d6a38010,0x00000000d6a80000)
  to   space 2560K, 0% used [0x00000000d6a80000,0x00000000d6a80000,0x00000000d6d00000)
 ParOldGen       total 68608K, used 44983K [0x0000000080000000, 0x0000000084300000, 0x00000000d5580000)
  object space 68608K, 65% used [0x0000000080000000,0x0000000082bedf30,0x0000000084300000)
 Metaspace       used 49968K, committed 51328K, reserved 1114112K
  class space    used 5418K, committed 6080K, reserved 1048576K
}
Event: 6.939 GC heap after
{Heap after GC invocations=30 (full 2):
 PSYoungGen      total 21504K, used 1976K [0x00000000d5580000, 0x00000000d6d00000, 0x0000000100000000)
  eden space 18944K, 0% used [0x00000000d5580000,0x00000000d5580000,0x00000000d6800000)
  from space 2560K, 77% used [0x00000000d6a80000,0x00000000d6c6e200,0x00000000d6d00000)
  to   space 2560K, 0% used [0x00000000d6800000,0x00000000d6800000,0x00000000d6a80000)
 ParOldGen       total 68608K, used 47071K [0x0000000080000000, 0x0000000084300000, 0x00000000d5580000)
  object space 68608K, 68% used [0x0000000080000000,0x0000000082df7f40,0x0000000084300000)
 Metaspace       used 49968K, committed 51328K, reserved 1114112K
  class space    used 5418K, committed 6080K, reserved 1048576K
}
Event: 7.145 GC heap before
{Heap before GC invocations=31 (full 2):
 PSYoungGen      total 21504K, used 20920K [0x00000000d5580000, 0x00000000d6d00000, 0x0000000100000000)
  eden space 18944K, 100% used [0x00000000d5580000,0x00000000d6800000,0x00000000d6800000)
  from space 2560K, 77% used [0x00000000d6a80000,0x00000000d6c6e200,0x00000000d6d00000)
  to   space 2560K, 0% used [0x00000000d6800000,0x00000000d6800000,0x00000000d6a80000)
 ParOldGen       total 68608K, used 47071K [0x0000000080000000, 0x0000000084300000, 0x00000000d5580000)
  object space 68608K, 68% used [0x0000000080000000,0x0000000082df7f40,0x0000000084300000)
 Metaspace       used 51829K, committed 53184K, reserved 1114112K
  class space    used 5666K, committed 6272K, reserved 1048576K
}
Event: 7.146 GC heap after
{Heap after GC invocations=31 (full 2):
 PSYoungGen      total 20480K, used 1052K [0x00000000d5580000, 0x00000000d6b00000, 0x0000000100000000)
  eden space 18944K, 0% used [0x00000000d5580000,0x00000000d5580000,0x00000000d6800000)
  from space 1536K, 68% used [0x00000000d6800000,0x00000000d6907280,0x00000000d6980000)
  to   space 1536K, 0% used [0x00000000d6980000,0x00000000d6980000,0x00000000d6b00000)
 ParOldGen       total 68608K, used 48864K [0x0000000080000000, 0x0000000084300000, 0x00000000d5580000)
  object space 68608K, 71% used [0x0000000080000000,0x0000000082fb8140,0x0000000084300000)
 Metaspace       used 51829K, committed 53184K, reserved 1114112K
  class space    used 5666K, committed 6272K, reserved 1048576K
}
Event: 7.324 GC heap before
{Heap before GC invocations=32 (full 2):
 PSYoungGen      total 20480K, used 19996K [0x00000000d5580000, 0x00000000d6b00000, 0x0000000100000000)
  eden space 18944K, 100% used [0x00000000d5580000,0x00000000d6800000,0x00000000d6800000)
  from space 1536K, 68% used [0x00000000d6800000,0x00000000d6907280,0x00000000d6980000)
  to   space 1536K, 0% used [0x00000000d6980000,0x00000000d6980000,0x00000000d6b00000)
 ParOldGen       total 68608K, used 48864K [0x0000000080000000, 0x0000000084300000, 0x00000000d5580000)
  object space 68608K, 71% used [0x0000000080000000,0x0000000082fb8140,0x0000000084300000)
 Metaspace       used 52667K, committed 54016K, reserved 1114112K
  class space    used 5766K, committed 6400K, reserved 1048576K
}
Event: 7.325 GC heap after
{Heap after GC invocations=32 (full 2):
 PSYoungGen      total 19968K, used 608K [0x00000000d5580000, 0x00000000d6a80000, 0x0000000100000000)
  eden space 18944K, 0% used [0x00000000d5580000,0x00000000d5580000,0x00000000d6800000)
  from space 1024K, 59% used [0x00000000d6980000,0x00000000d6a18010,0x00000000d6a80000)
  to   space 1024K, 0% used [0x00000000d6880000,0x00000000d6880000,0x00000000d6980000)
 ParOldGen       total 68608K, used 49650K [0x0000000080000000, 0x0000000084300000, 0x00000000d5580000)
  object space 68608K, 72% used [0x0000000080000000,0x000000008307cac0,0x0000000084300000)
 Metaspace       used 52667K, committed 54016K, reserved 1114112K
  class space    used 5766K, committed 6400K, reserved 1048576K
}
Event: 7.418 GC heap before
{Heap before GC invocations=33 (full 2):
 PSYoungGen      total 19968K, used 19552K [0x00000000d5580000, 0x00000000d6a80000, 0x0000000100000000)
  eden space 18944K, 100% used [0x00000000d5580000,0x00000000d6800000,0x00000000d6800000)
  from space 1024K, 59% used [0x00000000d6980000,0x00000000d6a18010,0x00000000d6a80000)
  to   space 1024K, 0% used [0x00000000d6880000,0x00000000d6880000,0x00000000d6980000)
 ParOldGen       total 68608K, used 49650K [0x0000000080000000, 0x0000000084300000, 0x00000000d5580000)
  object space 68608K, 72% used [0x0000000080000000,0x000000008307cac0,0x0000000084300000)
 Metaspace       used 53588K, committed 54976K, reserved 1114112K
  class space    used 5835K, committed 6464K, reserved 1048576K
}
Event: 7.419 GC heap after
{Heap after GC invocations=33 (full 2):
 PSYoungGen      total 19968K, used 1016K [0x00000000d5580000, 0x00000000d6d00000, 0x0000000100000000)
  eden space 18944K, 0% used [0x00000000d5580000,0x00000000d5580000,0x00000000d6800000)
  from space 1024K, 99% used [0x00000000d6880000,0x00000000d697e3a0,0x00000000d6980000)
  to   space 2560K, 0% used [0x00000000d6a80000,0x00000000d6a80000,0x00000000d6d00000)
 ParOldGen       total 68608K, used 50550K [0x0000000080000000, 0x0000000084300000, 0x00000000d5580000)
  object space 68608K, 73% used [0x0000000080000000,0x000000008315daf0,0x0000000084300000)
 Metaspace       used 53588K, committed 54976K, reserved 1114112K
  class space    used 5835K, committed 6464K, reserved 1048576K
}
Event: 7.458 GC heap before
{Heap before GC invocations=34 (full 2):
 PSYoungGen      total 19968K, used 19960K [0x00000000d5580000, 0x00000000d6d00000, 0x0000000100000000)
  eden space 18944K, 100% used [0x00000000d5580000,0x00000000d6800000,0x00000000d6800000)
  from space 1024K, 99% used [0x00000000d6880000,0x00000000d697e3a0,0x00000000d6980000)
  to   space 2560K, 0% used [0x00000000d6a80000,0x00000000d6a80000,0x00000000d6d00000)
 ParOldGen       total 68608K, used 50550K [0x0000000080000000, 0x0000000084300000, 0x00000000d5580000)
  object space 68608K, 73% used [0x0000000080000000,0x000000008315daf0,0x0000000084300000)
 Metaspace       used 53596K, committed 54976K, reserved 1114112K
  class space    used 5835K, committed 6464K, reserved 1048576K
}
Event: 7.459 GC heap after
{Heap after GC invocations=34 (full 2):
 PSYoungGen      total 19968K, used 957K [0x00000000d5580000, 0x00000000d6b80000, 0x0000000100000000)
  eden space 18944K, 0% used [0x00000000d5580000,0x00000000d5580000,0x00000000d6800000)
  from space 1024K, 93% used [0x00000000d6a80000,0x00000000d6b6f458,0x00000000d6b80000)
  to   space 1536K, 0% used [0x00000000d6880000,0x00000000d6880000,0x00000000d6a00000)
 ParOldGen       total 68608K, used 51276K [0x0000000080000000, 0x0000000084300000, 0x00000000d5580000)
  object space 68608K, 74% used [0x0000000080000000,0x0000000083213160,0x0000000084300000)
 Metaspace       used 53596K, committed 54976K, reserved 1114112K
  class space    used 5835K, committed 6464K, reserved 1048576K
}

